[themes.sindevo.com/the-wedding-date/the-wedding-date-01/index.html]
[backblue.gif]
[fade.gif]
[index.html]
[themes.sindevo.com/the-wedding-date/the-wedding-date-01/page.html]
[themes.sindevo.com/the-wedding-date/the-wedding-date-01/bridesmaids.html]
[themes.sindevo.com/the-wedding-date/the-wedding-date-01/blog.html]
[themes.sindevo.com/the-wedding-date/the-wedding-date-01/photos.html]
[themes.sindevo.com/the-wedding-date/the-wedding-date-01/layout.html]
[themes.sindevo.com/the-wedding-date/the-wedding-date-01/rsvp.html]
[themes.sindevo.com/the-wedding-date/the-wedding-date-01/images/slider/1.jpg]
[themes.sindevo.com/the-wedding-date/the-wedding-date-01/images/slider/2.jpg]
[themes.sindevo.com/the-wedding-date/the-wedding-date-01/images/slider/3.jpg]
[themes.sindevo.com/the-wedding-date/the-wedding-date-01/images/title_frame.png]
[themes.sindevo.com/the-wedding-date/the-wedding-date-01/images/arrow-down.png]
[themes.sindevo.com/the-wedding-date/the-wedding-date-01/images/about_pic_frame.png]
[themes.sindevo.com/the-wedding-date/the-wedding-date-01/images/about_f.jpg]
[themes.sindevo.com/the-wedding-date/the-wedding-date-01/images/social/twitter.png]
[themes.sindevo.com/the-wedding-date/the-wedding-date-01/images/social/youtube.png]
[themes.sindevo.com/the-wedding-date/the-wedding-date-01/images/social/pinterest.png]
[themes.sindevo.com/the-wedding-date/the-wedding-date-01/images/about_m.jpg]
[themes.sindevo.com/the-wedding-date/the-wedding-date-01/images/social/facebook.png]
[themes.sindevo.com/the-wedding-date/the-wedding-date-01/images/social/google_plus.png]
[themes.sindevo.com/the-wedding-date/the-wedding-date-01/images/thumbs/3.jpg]
[themes.sindevo.com/the-wedding-date/the-wedding-date-01/blog-single.html]
[themes.sindevo.com/the-wedding-date/the-wedding-date-01/images/thumbs/5.jpg]
[themes.sindevo.com/the-wedding-date/the-wedding-date-01/images/thumbs/2.jpg]
[themes.sindevo.com/the-wedding-date/the-wedding-date-01/images/bridemaids1.jpg]
[themes.sindevo.com/the-wedding-date/the-wedding-date-01/images/bridemaids2.jpg]
[themes.sindevo.com/the-wedding-date/the-wedding-date-01/images/bridemaids3.jpg]
[themes.sindevo.com/the-wedding-date/the-wedding-date-01/images/bridemaids5.jpg]
[themes.sindevo.com/the-wedding-date/the-wedding-date-01/images/bridemaids4.jpg]
[themes.sindevo.com/the-wedding-date/the-wedding-date-01/images/bridemaids6.jpg]
[themes.sindevo.com/the-wedding-date/the-wedding-date-01/images/groomsmen1.jpg]
[themes.sindevo.com/the-wedding-date/the-wedding-date-01/images/groomsmen2.jpg]
[themes.sindevo.com/the-wedding-date/the-wedding-date-01/images/thumbs/1.jpg]
[themes.sindevo.com/the-wedding-date/the-wedding-date-01/images/thumbs/9.jpg]
[themes.sindevo.com/the-wedding-date/the-wedding-date-01/images/thumbs/6.jpg]
[themes.sindevo.com/the-wedding-date/the-wedding-date-01/images/thumbs/7.jpg]
[themes.sindevo.com/the-wedding-date/the-wedding-date-01/images/thumbs/10.jpg]
[themes.sindevo.com/the-wedding-date/the-wedding-date-01/images/icons/church.png]
[themes.sindevo.com/the-wedding-date/the-wedding-date-01/images/icons/calendar.png]
[themes.sindevo.com/the-wedding-date/the-wedding-date-01/images/icons/glasses.png]
[themes.sindevo.com/the-wedding-date/the-wedding-date-01/js/jquery-1.12.4.min.js]
[themes.sindevo.com/the-wedding-date/the-wedding-date-01/js/animsition.min.js]
[themes.sindevo.com/the-wedding-date/the-wedding-date-01/js/menu.js]
[themes.sindevo.com/the-wedding-date/the-wedding-date-01/js/jquery.countdown.js]
[themes.sindevo.com/the-wedding-date/the-wedding-date-01/js/jquery.swipebox.min.js]
[themes.sindevo.com/the-wedding-date/the-wedding-date-01/owl-carousel/owl.carousel.js]
[themes.sindevo.com/the-wedding-date/the-wedding-date-01/js/velocity.min.js]
[themes.sindevo.com/the-wedding-date/the-wedding-date-01/js/classie.js]
[themes.sindevo.com/the-wedding-date/the-wedding-date-01/js/scrollheader.js]
[themes.sindevo.com/the-wedding-date/the-wedding-date-01/js/jquery.arctext.js]
[themes.sindevo.com/the-wedding-date/the-wedding-date-01/js/jquery.smoove.js]
[themes.sindevo.com/the-wedding-date/the-wedding-date-01/js/custom.js]
[themes.sindevo.com/the-wedding-date/the-wedding-date-01/index.html]
[themes.sindevo.com/the-wedding-date/the-wedding-date-01/css/reset.3c.delayed]
[themes.sindevo.com/the-wedding-date/the-wedding-date-01/images/icons/location_white.png]
[themes.sindevo.com/the-wedding-date/the-wedding-date-01/images/icons/phone_white.png]
[themes.sindevo.com/the-wedding-date/the-wedding-date-01/images/black_trans.png]
[themes.sindevo.com/the-wedding-date/the-wedding-date-01/images/countdown_frame.png]
[themes.sindevo.com/the-wedding-date/the-wedding-date-01/images/checked.png]
[themes.sindevo.com/the-wedding-date/the-wedding-date-01/images/arrowdown.gif]
[themes.sindevo.com/the-wedding-date/the-wedding-date-01/style.css]
[themes.sindevo.com/the-wedding-date/the-wedding-date-01/css/intro.css]
[themes.sindevo.com/the-wedding-date/the-wedding-date-01/css/animsition.min.css]
[themes.sindevo.com/the-wedding-date/the-wedding-date-01/css/img/loader.gif]
[themes.sindevo.com/the-wedding-date/the-wedding-date-01/css/img/icons.png]
[themes.sindevo.com/the-wedding-date/the-wedding-date-01/css/swipebox.css]
[themes.sindevo.com/the-wedding-date/the-wedding-date-01/owl-carousel/grabbing.png]
[themes.sindevo.com/the-wedding-date/the-wedding-date-01/owl-carousel/owl.carousel.css]
[themes.sindevo.com/the-wedding-date/the-wedding-date-01/owl-carousel/AjaxLoader.gif]
[themes.sindevo.com/the-wedding-date/the-wedding-date-01/owl-carousel/owl.theme.css]
[themes.sindevo.com/the-wedding-date/the-wedding-date-01/owl-carousel/owl.themecarousel.css]
[themes.sindevo.com/the-wedding-date/the-wedding-date-01/owl-carousel/owl.transitions.css]
[themes.sindevo.com/the-wedding-date/the-wedding-date-01/images/wedding-location.jpg]
[themes.sindevo.com/the-wedding-date/the-wedding-date-01/images/icons/gentlemens.png]
[themes.sindevo.com/the-wedding-date/the-wedding-date-01/images/icons/ladies.png]
[themes.sindevo.com/the-wedding-date/the-wedding-date-01/images/gifts-logo1.png]
[themes.sindevo.com/the-wedding-date/the-wedding-date-01/images/gifts-logo2.png]
[themes.sindevo.com/the-wedding-date/the-wedding-date-01/images/gifts-logo3.png]
[themes.sindevo.com/the-wedding-date/the-wedding-date-01/images/gifts-logo4.png]
[themes.sindevo.com/the-wedding-date/the-wedding-date-01/js/map.js]
[themes.sindevo.com/the-wedding-date/the-wedding-date-01/page.html]
[themes.sindevo.com/the-wedding-date/the-wedding-date-01/bridesmaids.html]
[themes.sindevo.com/the-wedding-date/the-wedding-date-01/images/thumbs/4.jpg]
[themes.sindevo.com/the-wedding-date/the-wedding-date-01/blog.html]
[themes.sindevo.com/the-wedding-date/the-wedding-date-01/images/thumbs/8.jpg]
[themes.sindevo.com/the-wedding-date/the-wedding-date-01/photos.html]
[themes.sindevo.com/the-wedding-date/the-wedding-date-01/images/icons/dress.png]
[themes.sindevo.com/the-wedding-date/the-wedding-date-01/images/icons/groom.png]
[themes.sindevo.com/the-wedding-date/the-wedding-date-01/images/icons/bride.png]
[themes.sindevo.com/the-wedding-date/the-wedding-date-01/images/icons/ring.png]
[themes.sindevo.com/the-wedding-date/the-wedding-date-01/videos/demovideo.mp4]
[themes.sindevo.com/the-wedding-date/the-wedding-date-01/js/plyr.js]
[themes.sindevo.com/the-wedding-date/the-wedding-date-01/layout.html]
[themes.sindevo.com/the-wedding-date/the-wedding-date-01/images/loader.gif]
[themes.sindevo.com/the-wedding-date/the-wedding-date-01/js/jquery-ui.min.js]
[themes.sindevo.com/the-wedding-date/the-wedding-date-01/js/jquery.validate.min.js]
[themes.sindevo.com/the-wedding-date/the-wedding-date-01/js/email.js]
[themes.sindevo.com/the-wedding-date/the-wedding-date-01/rsvp.html]
[themes.sindevo.com/the-wedding-date/the-wedding-date-01/images/slider/1.jpg]
[themes.sindevo.com/the-wedding-date/the-wedding-date-01/images/slider/2.jpg]
[themes.sindevo.com/the-wedding-date/the-wedding-date-01/images/slider/3.jpg]
[themes.sindevo.com/the-wedding-date/the-wedding-date-01/images/page-photo.jpg]
[themes.sindevo.com/the-wedding-date/the-wedding-date-01/images/social/instagram.png]
[themes.sindevo.com/the-wedding-date/the-wedding-date-01/blog-single.html]
[themes.sindevo.com/the-wedding-date/the-wedding-date-01/css/reset.html]
[themes.sindevo.com/the-wedding-date/the-wedding-date-01/css/plyr.css]
[themes.sindevo.com/the-wedding-date/the-wedding-date-01/videos/demovideo.mp4]
[themes.sindevo.com/the-wedding-date/the-wedding-date-01/css/images/ui-icons_444444_256x240.png]
[themes.sindevo.com/the-wedding-date/the-wedding-date-01/css/images/ui-icons_555555_256x240.png]
[themes.sindevo.com/the-wedding-date/the-wedding-date-01/css/images/ui-icons_ffffff_256x240.png]
[themes.sindevo.com/the-wedding-date/the-wedding-date-01/css/images/ui-icons_777620_256x240.png]
[themes.sindevo.com/the-wedding-date/the-wedding-date-01/css/images/ui-icons_cc0000_256x240.png]
[themes.sindevo.com/the-wedding-date/the-wedding-date-01/css/images/ui-icons_777777_256x240.png]
[themes.sindevo.com/the-wedding-date/the-wedding-date-01/css/jquery-ui.min.css]
[themes.sindevo.com/the-wedding-date/the-wedding-date-01/css/wedding.datepicker.css]
